<?xml version="1.0" encoding="UTF-8"?>
<!-- Generated by org.testng.reporters.JUnitXMLReporter -->
<testsuite hostname="Janardhan" ignored="0" name="hub spot regression test" tests="7" failures="0" timestamp="24 Apr 2019 06:48:57 GMT" time="91.905" errors="0">
  <testcase name="verifyCorrectCredentialsTest" time="0.922" classname="com.qa.huspot.Tests.LoginTest"/>
  <testcase name="verifyPrivacyPolicyTest" time="0.087" classname="com.qa.huspot.Tests.LoginTest"/>
  <testcase name="verifySignInWithGoogleTest" time="0.087" classname="com.qa.huspot.Tests.LoginTest"/>
  <testcase name="verifygetLoginPageTitleTest" time="0.013" classname="com.qa.huspot.Tests.LoginTest"/>
  <testcase name="verifyContactsTabTest" time="11.438" classname="com.qa.huspot.Tests.HomeTest"/>
  <testcase name="verifygetHomaPageTitleTest" time="3.843" classname="com.qa.huspot.Tests.HomeTest"/>
  <testcase name="verifygetUserLinkTest" time="15.07" classname="com.qa.huspot.Tests.HomeTest"/>
</testsuite> <!-- hub spot regression test -->
